This file contains any messages produced by compilers while
running configure, to aid debugging if configure makes a mistake.

It was created by configure, which was
generated by GNU Autoconf 2.69.  Invocation command line was

  $ ./configure 

## --------- ##
## Platform. ##
## --------- ##

hostname = megha-HP-ProBook-640-G1
uname -m = x86_64
uname -r = 4.13.0-36-generic
uname -s = Linux
uname -v = #40~16.04.1-Ubuntu SMP Fri Feb 16 23:25:58 UTC 2018

/usr/bin/uname -p = unknown
/bin/uname -X     = unknown

/bin/arch              = unknown
/usr/bin/arch -k       = unknown
/usr/convex/getsysinfo = unknown
/usr/bin/hostinfo      = unknown
/bin/machine           = unknown
/usr/bin/oslevel       = unknown
/bin/universe          = unknown

PATH: /home/megha/terminus/vendor/bin
PATH: /home/megha/bin
PATH: /home/megha/.local/bin
PATH: /usr/local/sbin
PATH: /usr/local/bin
PATH: /usr/sbin
PATH: /usr/bin
PATH: /sbin
PATH: /bin
PATH: /usr/games
PATH: /usr/local/games
PATH: /snap/bin


## ----------- ##
## Core tests. ##
## ----------- ##

configure:2098: checking for grep that handles long lines and -e
configure:2156: result: /bin/grep
configure:2161: checking for egrep
configure:2223: result: /bin/grep -E
configure:2228: checking for a sed that does not truncate output
configure:2292: result: /bin/sed
configure:2431: checking for cc
configure:2447: found /usr/bin/cc
configure:2458: result: cc
configure:2489: checking for C compiler version
configure:2498: cc --version >&5
cc (Ubuntu 5.4.0-6ubuntu1~16.04.10) 5.4.0 20160609
Copyright (C) 2015 Free Software Foundation, Inc.
This is free software; see the source for copying conditions.  There is NO
warranty; not even for MERCHANTABILITY or FITNESS FOR A PARTICULAR PURPOSE.

configure:2509: $? = 0
configure:2498: cc -v >&5
Using built-in specs.
COLLECT_GCC=cc
COLLECT_LTO_WRAPPER=/usr/lib/gcc/x86_64-linux-gnu/5/lto-wrapper
Target: x86_64-linux-gnu
Configured with: ../src/configure -v --with-pkgversion='Ubuntu 5.4.0-6ubuntu1~16.04.10' --with-bugurl=file:///usr/share/doc/gcc-5/README.Bugs --enable-languages=c,ada,c++,java,go,d,fortran,objc,obj-c++ --prefix=/usr --program-suffix=-5 --enable-shared --enable-linker-build-id --libexecdir=/usr/lib --without-included-gettext --enable-threads=posix --libdir=/usr/lib --enable-nls --with-sysroot=/ --enable-clocale=gnu --enable-libstdcxx-debug --enable-libstdcxx-time=yes --with-default-libstdcxx-abi=new --enable-gnu-unique-object --disable-vtable-verify --enable-libmpx --enable-plugin --with-system-zlib --disable-browser-plugin --enable-java-awt=gtk --enable-gtk-cairo --with-java-home=/usr/lib/jvm/java-1.5.0-gcj-5-amd64/jre --enable-java-home --with-jvm-root-dir=/usr/lib/jvm/java-1.5.0-gcj-5-amd64 --with-jvm-jar-dir=/usr/lib/jvm-exports/java-1.5.0-gcj-5-amd64 --with-arch-directory=amd64 --with-ecj-jar=/usr/share/java/eclipse-ecj.jar --enable-objc-gc --enable-multiarch --disable-werror --with-arch-32=i686 --with-abi=m64 --with-multilib-list=m32,m64,mx32 --enable-multilib --with-tune=generic --enable-checking=release --build=x86_64-linux-gnu --host=x86_64-linux-gnu --target=x86_64-linux-gnu
Thread model: posix
gcc version 5.4.0 20160609 (Ubuntu 5.4.0-6ubuntu1~16.04.10) 
configure:2509: $? = 0
configure:2498: cc -V >&5
cc: error: unrecognized command line option '-V'
cc: fatal error: no input files
compilation terminated.
configure:2509: $? = 1
configure:2498: cc -qversion >&5
cc: error: unrecognized command line option '-qversion'
cc: fatal error: no input files
compilation terminated.
configure:2509: $? = 1
configure:2529: checking whether the C compiler works
configure:2551: cc    conftest.c  >&5
configure:2555: $? = 0
configure:2603: result: yes
configure:2606: checking for C compiler default output file name
configure:2608: result: a.out
configure:2614: checking for suffix of executables
configure:2621: cc -o conftest    conftest.c  >&5
configure:2625: $? = 0
configure:2647: result: 
configure:2669: checking whether we are cross compiling
configure:2677: cc -o conftest    conftest.c  >&5
configure:2681: $? = 0
configure:2688: ./conftest
configure:2692: $? = 0
configure:2707: result: no
configure:2712: checking for suffix of object files
configure:2734: cc -c   conftest.c >&5
configure:2738: $? = 0
configure:2759: result: o
configure:2763: checking whether we are using the GNU C compiler
configure:2782: cc -c   conftest.c >&5
configure:2782: $? = 0
configure:2791: result: yes
configure:2800: checking whether cc accepts -g
configure:2820: cc -c -g  conftest.c >&5
configure:2820: $? = 0
configure:2861: result: yes
configure:2878: checking for cc option to accept ISO C89
configure:2941: cc  -c -g -O2  conftest.c >&5
configure:2941: $? = 0
configure:2954: result: none needed
configure:2980: checking how to run the C preprocessor
configure:3011: cc -E  conftest.c
configure:3011: $? = 0
configure:3025: cc -E  conftest.c
conftest.c:9:28: fatal error: ac_nonexistent.h: No such file or directory
compilation terminated.
configure:3025: $? = 1
configure: failed program was:
| /* confdefs.h */
| #define PACKAGE_NAME ""
| #define PACKAGE_TARNAME ""
| #define PACKAGE_VERSION ""
| #define PACKAGE_STRING ""
| #define PACKAGE_BUGREPORT ""
| #define PACKAGE_URL ""
| /* end confdefs.h.  */
| #include <ac_nonexistent.h>
configure:3050: result: cc -E
configure:3070: cc -E  conftest.c
configure:3070: $? = 0
configure:3084: cc -E  conftest.c
conftest.c:9:28: fatal error: ac_nonexistent.h: No such file or directory
compilation terminated.
configure:3084: $? = 1
configure: failed program was:
| /* confdefs.h */
| #define PACKAGE_NAME ""
| #define PACKAGE_TARNAME ""
| #define PACKAGE_VERSION ""
| #define PACKAGE_STRING ""
| #define PACKAGE_BUGREPORT ""
| #define PACKAGE_URL ""
| /* end confdefs.h.  */
| #include <ac_nonexistent.h>
configure:3115: checking for icc
configure:3124: result: no
configure:3138: checking for suncc
configure:3147: result: no
configure:3165: checking whether cc understands -c and -o together
configure:3193: cc -c conftest.c -o conftest2.o >&5
configure:3197: $? = 0
configure:3203: cc -c conftest.c -o conftest2.o >&5
configure:3207: $? = 0
configure:3262: result: yes
configure:3276: checking for system library directory
configure:3291: result: lib
configure:3298: checking if compiler supports -R
configure:3317: cc -o conftest -g -O2   conftest.c -R /usr/lib  >&5
cc: error: unrecognized command line option '-R'
configure:3317: $? = 1
configure: failed program was:
| /* confdefs.h */
| #define PACKAGE_NAME ""
| #define PACKAGE_TARNAME ""
| #define PACKAGE_VERSION ""
| #define PACKAGE_STRING ""
| #define PACKAGE_BUGREPORT ""
| #define PACKAGE_URL ""
| /* end confdefs.h.  */
| 
| int
| main ()
| {
| 
|   ;
|   return 0;
| }
configure:3327: result: no
configure:3332: checking if compiler supports -Wl,-rpath,
configure:3351: cc -o conftest -g -O2   conftest.c -Wl,-rpath,/usr/lib  >&5
configure:3351: $? = 0
configure:3361: result: yes
configure:3406: checking build system type
configure:3420: result: x86_64-pc-linux-gnu
configure:3440: checking host system type
configure:3453: result: x86_64-pc-linux-gnu
configure:3473: checking target system type
configure:3486: result: x86_64-pc-linux-gnu
configure:3589: checking for PHP prefix
configure:3591: result: /usr
configure:3593: checking for PHP includes
configure:3595: result: -I/usr/include/php/20160303 -I/usr/include/php/20160303/main -I/usr/include/php/20160303/TSRM -I/usr/include/php/20160303/Zend -I/usr/include/php/20160303/ext -I/usr/include/php/20160303/ext/date/lib
configure:3597: checking for PHP extension directory
configure:3599: result: /usr/lib/php/20160303
configure:3601: checking for PHP installed headers prefix
configure:3603: result: /usr/include/php/20160303
configure:3606: checking if debug is enabled
configure:3632: result: no
configure:3635: checking if zts is enabled
configure:3661: result: no
configure:3732: checking for re2c
configure:3762: result: no
configure:3787: WARNING: You will need re2c 0.13.4 or later if you want to regenerate PHP parsers.
configure:3801: checking for gawk
configure:3818: found /usr/bin/gawk
configure:3829: result: gawk
configure:3872: checking whether to enable the imagick extension
configure:3912: result: yes, shared
configure:3966: checking for pkg-config
configure:3984: found /usr/bin/pkg-config
configure:3997: result: /usr/bin/pkg-config
configure:4015: checking ImageMagick MagickWand API configuration program
configure:4048: checking Testing /usr/local/bin/MagickWand-config
configure:4065: result: Doesn't exist
configure:4048: checking Testing /usr/bin/MagickWand-config
configure:4065: result: Doesn't exist
configure:4048: checking Testing /usr/sbin/bin/MagickWand-config
configure:4065: result: Doesn't exist
configure:4048: checking Testing /opt/bin/MagickWand-config
configure:4065: result: Doesn't exist
configure:4048: checking Testing /opt/local/bin/MagickWand-config
configure:4065: result: Doesn't exist
configure:4079: result: found in /usr/bin/pkg-config
configure:4096: checking if ImageMagick version is at least 6.2.4
configure:4099: result: found version 6.8.9
configure:4111: checking for MagickWand.h or magick-wand.h header
configure:4152: result: /usr/include/ImageMagick-6/wand/MagickWand.h
configure:4206: checking PHP version is at least 5.1.3
configure:4224: result: yes. found 7.1.24-1+ubuntu16.04.1+deb.sury.org+1
configure:4378: checking for MagickGetVersion
configure:4378: cc -o conftest -g -O2   conftest.c  -lMagickWand-6.Q16 -lMagickCore-6.Q16 >&5
configure:4378: $? = 0
configure:4378: result: yes
configure:4407: checking for MagickSetImageInterpolateMethod
configure:4407: cc -o conftest -g -O2   conftest.c  -lMagickWand-6.Q16 -lMagickCore-6.Q16 >&5
configure:4407: $? = 0
configure:4407: result: yes
configure:4812: checking how to print strings
configure:4839: result: printf
configure:4860: checking for a sed that does not truncate output
configure:4924: result: /bin/sed
configure:4942: checking for fgrep
configure:5004: result: /bin/grep -F
configure:5039: checking for ld used by cc
configure:5106: result: /usr/bin/ld
configure:5113: checking if the linker (/usr/bin/ld) is GNU ld
configure:5128: result: yes
configure:5140: checking for BSD- or MS-compatible name lister (nm)
configure:5194: result: /usr/bin/nm -B
configure:5324: checking the name lister (/usr/bin/nm -B) interface
configure:5331: cc -c -g -O2  conftest.c >&5
configure:5334: /usr/bin/nm -B "conftest.o"
configure:5337: output
0000000000000000 B some_variable
configure:5344: result: BSD nm
configure:5347: checking whether ln -s works
configure:5351: result: yes
configure:5359: checking the maximum length of command line arguments
configure:5490: result: 1572864
configure:5538: checking how to convert x86_64-pc-linux-gnu file names to x86_64-pc-linux-gnu format
configure:5578: result: func_convert_file_noop
configure:5585: checking how to convert x86_64-pc-linux-gnu file names to toolchain format
configure:5605: result: func_convert_file_noop
configure:5612: checking for /usr/bin/ld option to reload object files
configure:5619: result: -r
configure:5693: checking for objdump
configure:5709: found /usr/bin/objdump
configure:5720: result: objdump
configure:5752: checking how to recognize dependent libraries
configure:5952: result: pass_all
configure:6037: checking for dlltool
configure:6067: result: no
configure:6097: checking how to associate runtime and link libraries
configure:6124: result: printf %s\n
configure:6184: checking for ar
configure:6200: found /usr/bin/ar
configure:6211: result: ar
configure:6248: checking for archiver @FILE support
configure:6265: cc -c -g -O2  conftest.c >&5
configure:6265: $? = 0
configure:6268: ar cru libconftest.a @conftest.lst >&5
ar: `u' modifier ignored since `D' is the default (see `U')
configure:6271: $? = 0
configure:6276: ar cru libconftest.a @conftest.lst >&5
ar: `u' modifier ignored since `D' is the default (see `U')
ar: conftest.o: No such file or directory
configure:6279: $? = 1
configure:6291: result: @
configure:6349: checking for strip
configure:6365: found /usr/bin/strip
configure:6376: result: strip
configure:6448: checking for ranlib
configure:6464: found /usr/bin/ranlib
configure:6475: result: ranlib
configure:6552: checking for gawk
configure:6579: result: gawk
configure:6619: checking command to parse /usr/bin/nm -B output from cc object
configure:6772: cc -c -g -O2  conftest.c >&5
configure:6775: $? = 0
configure:6779: /usr/bin/nm -B conftest.o \| sed -n -e 's/^.*[ ]\([ABCDGIRSTW][ABCDGIRSTW]*\)[ ][ ]*\([_A-Za-z][_A-Za-z0-9]*\)$/\1 \2 \2/p' | sed '/ __gnu_lto/d' \> conftest.nm
configure:6782: $? = 0
configure:6848: cc -o conftest -g -O2   conftest.c conftstm.o >&5
configure:6851: $? = 0
configure:6889: result: ok
configure:6936: checking for sysroot
configure:6966: result: no
configure:6973: checking for a working dd
configure:7011: result: /bin/dd
configure:7015: checking how to truncate binary pipes
configure:7030: result: /bin/dd bs=4096 count=1
configure:7166: cc -c -g -O2  conftest.c >&5
configure:7169: $? = 0
configure:7359: checking for mt
configure:7375: found /bin/mt
configure:7386: result: mt
configure:7409: checking if mt is a manifest tool
configure:7415: mt '-?'
configure:7423: result: no
configure:8095: checking for ANSI C header files
configure:8115: cc -c -g -O2  conftest.c >&5
configure:8115: $? = 0
configure:8188: cc -o conftest -g -O2   conftest.c  >&5
configure:8188: $? = 0
configure:8188: ./conftest
configure:8188: $? = 0
configure:8199: result: yes
configure:8212: checking for sys/types.h
configure:8212: cc -c -g -O2  conftest.c >&5
configure:8212: $? = 0
configure:8212: result: yes
configure:8212: checking for sys/stat.h
configure:8212: cc -c -g -O2  conftest.c >&5
configure:8212: $? = 0
configure:8212: result: yes
configure:8212: checking for stdlib.h
configure:8212: cc -c -g -O2  conftest.c >&5
configure:8212: $? = 0
configure:8212: result: yes
configure:8212: checking for string.h
configure:8212: cc -c -g -O2  conftest.c >&5
configure:8212: $? = 0
configure:8212: result: yes
configure:8212: checking for memory.h
configure:8212: cc -c -g -O2  conftest.c >&5
configure:8212: $? = 0
configure:8212: result: yes
configure:8212: checking for strings.h
configure:8212: cc -c -g -O2  conftest.c >&5
configure:8212: $? = 0
configure:8212: result: yes
configure:8212: checking for inttypes.h
configure:8212: cc -c -g -O2  conftest.c >&5
configure:8212: $? = 0
configure:8212: result: yes
configure:8212: checking for stdint.h
configure:8212: cc -c -g -O2  conftest.c >&5
configure:8212: $? = 0
configure:8212: result: yes
configure:8212: checking for unistd.h
configure:8212: cc -c -g -O2  conftest.c >&5
configure:8212: $? = 0
configure:8212: result: yes
configure:8226: checking for dlfcn.h
configure:8226: cc -c -g -O2  conftest.c >&5
configure:8226: $? = 0
configure:8226: result: yes
configure:8482: checking for objdir
configure:8497: result: .libs
configure:8761: checking if cc supports -fno-rtti -fno-exceptions
configure:8779: cc -c -g -O2  -fno-rtti -fno-exceptions conftest.c >&5
cc1: warning: command line option '-fno-rtti' is valid for C++/ObjC++ but not for C
configure:8783: $? = 0
configure:8796: result: no
configure:9154: checking for cc option to produce PIC
configure:9161: result: -fPIC -DPIC
configure:9169: checking if cc PIC flag -fPIC -DPIC works
configure:9187: cc -c -g -O2  -fPIC -DPIC -DPIC conftest.c >&5
configure:9191: $? = 0
configure:9204: result: yes
configure:9233: checking if cc static flag -static works
configure:9261: result: yes
configure:9276: checking if cc supports -c -o file.o
configure:9297: cc -c -g -O2  -o out/conftest2.o conftest.c >&5
configure:9301: $? = 0
configure:9323: result: yes
configure:9331: checking if cc supports -c -o file.o
configure:9378: result: yes
configure:9411: checking whether the cc linker (/usr/bin/ld -m elf_x86_64) supports shared libraries
configure:10674: result: yes
configure:10711: checking whether -lc should be explicitly linked in
configure:10719: cc -c -g -O2  conftest.c >&5
configure:10722: $? = 0
configure:10737: cc -shared  -fPIC -DPIC conftest.o  -v -Wl,-soname -Wl,conftest -o conftest 2\>\&1 \| /bin/grep  -lc  \>/dev/null 2\>\&1
configure:10740: $? = 0
configure:10754: result: no
configure:10914: checking dynamic linker characteristics
configure:11495: cc -o conftest -g -O2   -Wl,-rpath -Wl,/foo conftest.c  >&5
configure:11495: $? = 0
configure:11744: result: GNU/Linux ld.so
configure:11866: checking how to hardcode library paths into programs
configure:11891: result: immediate
configure:12439: checking whether stripping libraries is possible
configure:12444: result: yes
configure:12479: checking if libtool supports shared libraries
configure:12481: result: yes
configure:12484: checking whether to build shared libraries
configure:12509: result: yes
configure:12512: checking whether to build static libraries
configure:12516: result: no
configure:12791: creating ./config.status

## ---------------------- ##
## Running config.status. ##
## ---------------------- ##

This file was extended by config.status, which was
generated by GNU Autoconf 2.69.  Invocation command line was

  CONFIG_FILES    = 
  CONFIG_HEADERS  = 
  CONFIG_LINKS    = 
  CONFIG_COMMANDS = 
  $ ./config.status 

on megha-HP-ProBook-640-G1

config.status:892: creating config.h
config.status:996: executing libtool commands

## ---------------- ##
## Cache variables. ##
## ---------------- ##

ac_cv_build=x86_64-pc-linux-gnu
ac_cv_c_compiler_gnu=yes
ac_cv_env_CC_set=
ac_cv_env_CC_value=
ac_cv_env_CFLAGS_set=
ac_cv_env_CFLAGS_value=
ac_cv_env_CPPFLAGS_set=
ac_cv_env_CPPFLAGS_value=
ac_cv_env_CPP_set=
ac_cv_env_CPP_value=
ac_cv_env_LDFLAGS_set=
ac_cv_env_LDFLAGS_value=
ac_cv_env_LIBS_set=
ac_cv_env_LIBS_value=
ac_cv_env_LT_SYS_LIBRARY_PATH_set=
ac_cv_env_LT_SYS_LIBRARY_PATH_value=
ac_cv_env_build_alias_set=
ac_cv_env_build_alias_value=
ac_cv_env_host_alias_set=
ac_cv_env_host_alias_value=
ac_cv_env_target_alias_set=
ac_cv_env_target_alias_value=
ac_cv_func_MagickGetVersion=yes
ac_cv_func_MagickSetImageInterpolateMethod=yes
ac_cv_header_dlfcn_h=yes
ac_cv_header_inttypes_h=yes
ac_cv_header_memory_h=yes
ac_cv_header_stdc=yes
ac_cv_header_stdint_h=yes
ac_cv_header_stdlib_h=yes
ac_cv_header_string_h=yes
ac_cv_header_strings_h=yes
ac_cv_header_sys_stat_h=yes
ac_cv_header_sys_types_h=yes
ac_cv_header_unistd_h=yes
ac_cv_host=x86_64-pc-linux-gnu
ac_cv_objext=o
ac_cv_path_EGREP='/bin/grep -E'
ac_cv_path_FGREP='/bin/grep -F'
ac_cv_path_GREP=/bin/grep
ac_cv_path_PKG_CONFIG=/usr/bin/pkg-config
ac_cv_path_SED=/bin/sed
ac_cv_path_lt_DD=/bin/dd
ac_cv_prog_AWK=gawk
ac_cv_prog_CPP='cc -E'
ac_cv_prog_ac_ct_AR=ar
ac_cv_prog_ac_ct_CC=cc
ac_cv_prog_ac_ct_MANIFEST_TOOL=mt
ac_cv_prog_ac_ct_OBJDUMP=objdump
ac_cv_prog_ac_ct_RANLIB=ranlib
ac_cv_prog_ac_ct_STRIP=strip
ac_cv_prog_cc_c89=
ac_cv_prog_cc_cc_c_o=yes
ac_cv_prog_cc_g=yes
ac_cv_target=x86_64-pc-linux-gnu
lt_cv_ar_at_file=@
lt_cv_archive_cmds_need_lc=no
lt_cv_deplibs_check_method=pass_all
lt_cv_file_magic_cmd='$MAGIC_CMD'
lt_cv_file_magic_test_file=
lt_cv_ld_reload_flag=-r
lt_cv_nm_interface='BSD nm'
lt_cv_objdir=.libs
lt_cv_path_LD=/usr/bin/ld
lt_cv_path_NM='/usr/bin/nm -B'
lt_cv_path_mainfest_tool=no
lt_cv_prog_compiler_c_o=yes
lt_cv_prog_compiler_pic='-fPIC -DPIC'
lt_cv_prog_compiler_pic_works=yes
lt_cv_prog_compiler_rtti_exceptions=no
lt_cv_prog_compiler_static_works=yes
lt_cv_prog_gnu_ld=yes
lt_cv_sharedlib_from_linklib_cmd='printf %s\n'
lt_cv_shlibpath_overrides_runpath=no
lt_cv_sys_global_symbol_pipe='sed -n -e '\''s/^.*[	 ]\([ABCDGIRSTW][ABCDGIRSTW]*\)[	 ][	 ]*\([_A-Za-z][_A-Za-z0-9]*\)$/\1 \2 \2/p'\'' | sed '\''/ __gnu_lto/d'\'''
lt_cv_sys_global_symbol_to_c_name_address='sed -n -e '\''s/^: \(.*\) .*$/  {"\1", (void *) 0},/p'\'' -e '\''s/^[ABCDGIRSTW][ABCDGIRSTW]* .* \(.*\)$/  {"\1", (void *) \&\1},/p'\'''
lt_cv_sys_global_symbol_to_c_name_address_lib_prefix='sed -n -e '\''s/^: \(.*\) .*$/  {"\1", (void *) 0},/p'\'' -e '\''s/^[ABCDGIRSTW][ABCDGIRSTW]* .* \(lib.*\)$/  {"\1", (void *) \&\1},/p'\'' -e '\''s/^[ABCDGIRSTW][ABCDGIRSTW]* .* \(.*\)$/  {"lib\1", (void *) \&\1},/p'\'''
lt_cv_sys_global_symbol_to_cdecl='sed -n -e '\''s/^T .* \(.*\)$/extern int \1();/p'\'' -e '\''s/^[ABCDGIRSTW][ABCDGIRSTW]* .* \(.*\)$/extern char \1;/p'\'''
lt_cv_sys_global_symbol_to_import=
lt_cv_sys_max_cmd_len=1572864
lt_cv_to_host_file_cmd=func_convert_file_noop
lt_cv_to_tool_file_cmd=func_convert_file_noop
lt_cv_truncate_bin='/bin/dd bs=4096 count=1'
php_cv_cc_dashr=no
php_cv_cc_rpath=yes

## ----------------- ##
## Output variables. ##
## ----------------- ##

AR='ar'
AWK='gawk'
CC='cc'
CFLAGS='-g -O2'
CONFIGURE_COMMAND=' '\''./configure'\'' '
CONFIGURE_OPTIONS=''
CPP='cc -E'
CPPFLAGS=' -DHAVE_CONFIG_H'
DEFS='-DHAVE_CONFIG_H'
DLLTOOL='false'
DSYMUTIL=''
DUMPBIN=''
ECHO_C=''
ECHO_N='-n'
ECHO_T=''
EGREP='/bin/grep -E'
EXEEXT=''
FGREP='/bin/grep -F'
GREP='/bin/grep'
LD='/usr/bin/ld -m elf_x86_64'
LDFLAGS=''
LIBOBJS=''
LIBS=''
LIBTOOL='$(SHELL) $(top_builddir)/libtool'
LIPO=''
LN_S='ln -s'
LTLIBOBJS=''
LT_SYS_LIBRARY_PATH=''
MANIFEST_TOOL=':'
NM='/usr/bin/nm -B'
NMEDIT=''
OBJDUMP='objdump'
OBJEXT='o'
OTOOL64=''
OTOOL=''
PACKAGE_BUGREPORT=''
PACKAGE_NAME=''
PACKAGE_STRING=''
PACKAGE_TARNAME=''
PACKAGE_URL=''
PACKAGE_VERSION=''
PATH_SEPARATOR=':'
PKG_CONFIG='/usr/bin/pkg-config'
RANLIB='ranlib'
RE2C='exit 0;'
SED='/bin/sed'
SHELL='/bin/bash'
SHLIB_DL_SUFFIX_NAME='so'
SHLIB_SUFFIX_NAME='so'
STRIP='strip'
ac_ct_AR='ar'
ac_ct_CC='cc'
ac_ct_DUMPBIN=''
bindir='${exec_prefix}/bin'
build='x86_64-pc-linux-gnu'
build_alias=''
build_cpu='x86_64'
build_os='linux-gnu'
build_vendor='pc'
datadir='${datarootdir}'
datarootdir='${prefix}/share'
docdir='${datarootdir}/doc/${PACKAGE}'
dvidir='${docdir}'
exec_prefix='$(prefix)'
host='x86_64-pc-linux-gnu'
host_alias='x86_64-pc-linux-gnu'
host_cpu='x86_64'
host_os='linux-gnu'
host_vendor='pc'
htmldir='${docdir}'
includedir='${prefix}/include'
infodir='${datarootdir}/info'
libdir='${exec_prefix}/lib'
libexecdir='${exec_prefix}/libexec'
localedir='${datarootdir}/locale'
localstatedir='${prefix}/var'
mandir='${datarootdir}/man'
oldincludedir='/usr/include'
pdfdir='${docdir}'
prefix='/usr'
program_transform_name='s,x,x,'
psdir='${docdir}'
runstatedir='${localstatedir}/run'
sbindir='${exec_prefix}/sbin'
sharedstatedir='${prefix}/com'
sysconfdir='${prefix}/etc'
target='x86_64-pc-linux-gnu'
target_alias=''
target_cpu='x86_64'
target_os='linux-gnu'
target_vendor='pc'

## ----------- ##
## confdefs.h. ##
## ----------- ##

/* confdefs.h */
#define PACKAGE_NAME ""
#define PACKAGE_TARNAME ""
#define PACKAGE_VERSION ""
#define PACKAGE_STRING ""
#define PACKAGE_BUGREPORT ""
#define PACKAGE_URL ""
#define IM_MAGICKWAND_HEADER_STYLE_SIX 1
#define HAVE_MAGICKGETVERSION 1
#define HAVE_MAGICKSETIMAGEINTERPOLATEMETHOD 1
#define HAVE_IMAGICK 1
#define COMPILE_DL_IMAGICK 1
#define STDC_HEADERS 1
#define HAVE_SYS_TYPES_H 1
#define HAVE_SYS_STAT_H 1
#define HAVE_STDLIB_H 1
#define HAVE_STRING_H 1
#define HAVE_MEMORY_H 1
#define HAVE_STRINGS_H 1
#define HAVE_INTTYPES_H 1
#define HAVE_STDINT_H 1
#define HAVE_UNISTD_H 1
#define HAVE_DLFCN_H 1
#define LT_OBJDIR ".libs/"

configure: exit 0
